0 info it worked if it ends with ok
1 verbose cli [ 'C:\\Program Files\\nodejs\\\\node.exe',
1 verbose cli   'C:\\Program Files\\nodejs\\node_modules\\npm\\bin\\npm-cli.js',
1 verbose cli   'install',
1 verbose cli   'angularjs-nvd3-directives' ]
2 info using npm@1.4.14
3 info using node@v0.10.29
4 verbose node symlink C:\Program Files\nodejs\\node.exe
5 warn package.json ionic-project@1.0.0 No repository field.
6 verbose readDependencies using package.json deps
7 verbose cache add [ 'angularjs-nvd3-directives', null ]
8 verbose cache add name=undefined spec="angularjs-nvd3-directives" args=["angularjs-nvd3-directives",null]
9 verbose parsed url { protocol: null,
9 verbose parsed url   slashes: null,
9 verbose parsed url   auth: null,
9 verbose parsed url   host: null,
9 verbose parsed url   port: null,
9 verbose parsed url   hostname: null,
9 verbose parsed url   hash: null,
9 verbose parsed url   search: null,
9 verbose parsed url   query: null,
9 verbose parsed url   pathname: 'angularjs-nvd3-directives',
9 verbose parsed url   path: 'angularjs-nvd3-directives',
9 verbose parsed url   href: 'angularjs-nvd3-directives' }
10 silly lockFile 4b82eed8-angularjs-nvd3-directives angularjs-nvd3-directives
11 verbose lock angularjs-nvd3-directives C:\Users\ambar\AppData\Roaming\npm-cache\4b82eed8-angularjs-nvd3-directives.lock
12 silly lockFile 4b82eed8-angularjs-nvd3-directives angularjs-nvd3-directives
13 silly lockFile 4b82eed8-angularjs-nvd3-directives angularjs-nvd3-directives
14 verbose addNamed [ 'angularjs-nvd3-directives', '' ]
15 verbose addNamed [ null, '*' ]
16 silly lockFile 9a378637-angularjs-nvd3-directives angularjs-nvd3-directives@
17 verbose lock angularjs-nvd3-directives@ C:\Users\ambar\AppData\Roaming\npm-cache\9a378637-angularjs-nvd3-directives.lock
18 silly addNameRange { name: 'angularjs-nvd3-directives', range: '*', hasData: false }
19 verbose url raw angularjs-nvd3-directives
20 verbose url resolving [ 'https://registry.npmjs.org/', './angularjs-nvd3-directives' ]
21 verbose url resolved https://registry.npmjs.org/angularjs-nvd3-directives
22 info trying registry request attempt 1 at 22:32:40
23 http GET https://registry.npmjs.org/angularjs-nvd3-directives
24 http 404 https://registry.npmjs.org/angularjs-nvd3-directives
25 verbose headers { date: 'Sun, 31 Aug 2014 17:02:34 GMT',
25 verbose headers   server: 'CouchDB/1.5.0 (Erlang OTP/R16B03)',
25 verbose headers   'content-type': 'application/json',
25 verbose headers   'cache-control': 'max-age=0',
25 verbose headers   'content-length': '52',
25 verbose headers   'accept-ranges': 'bytes',
25 verbose headers   via: '1.1 varnish',
25 verbose headers   age: '0',
25 verbose headers   'x-served-by': 'cache-syd1620-SYD',
25 verbose headers   'x-cache': 'MISS',
25 verbose headers   'x-cache-hits': '0',
25 verbose headers   'x-timer': 'S1409504554.235188,VS0,VE752',
25 verbose headers   'keep-alive': 'timeout=10, max=50',
25 verbose headers   connection: 'Keep-Alive' }
26 silly registry.get cb [ 404,
26 silly registry.get   { date: 'Sun, 31 Aug 2014 17:02:34 GMT',
26 silly registry.get     server: 'CouchDB/1.5.0 (Erlang OTP/R16B03)',
26 silly registry.get     'content-type': 'application/json',
26 silly registry.get     'cache-control': 'max-age=0',
26 silly registry.get     'content-length': '52',
26 silly registry.get     'accept-ranges': 'bytes',
26 silly registry.get     via: '1.1 varnish',
26 silly registry.get     age: '0',
26 silly registry.get     'x-served-by': 'cache-syd1620-SYD',
26 silly registry.get     'x-cache': 'MISS',
26 silly registry.get     'x-cache-hits': '0',
26 silly registry.get     'x-timer': 'S1409504554.235188,VS0,VE752',
26 silly registry.get     'keep-alive': 'timeout=10, max=50',
26 silly registry.get     connection: 'Keep-Alive' } ]
27 silly lockFile 9a378637-angularjs-nvd3-directives angularjs-nvd3-directives@
28 silly lockFile 9a378637-angularjs-nvd3-directives angularjs-nvd3-directives@
29 error 404 404 Not Found: angularjs-nvd3-directives
29 error 404
29 error 404 'angularjs-nvd3-directives' is not in the npm registry.
29 error 404 You should bug the author to publish it
29 error 404 It was specified as a dependency of 'ionic-project'
29 error 404
29 error 404 Note that you can also install from a
29 error 404 tarball, folder, or http url, or git url.
30 error System Windows_NT 6.1.7601
31 error command "C:\\Program Files\\nodejs\\\\node.exe" "C:\\Program Files\\nodejs\\node_modules\\npm\\bin\\npm-cli.js" "install" "angularjs-nvd3-directives"
32 error cwd G:\Technical\Ionic_Mobile_Apps\todo\www\lib
33 error node -v v0.10.29
34 error npm -v 1.4.14
35 error code E404
36 verbose exit [ 1, true ]
